  AddToFavouriteCommand.cpp
  ApproveQuizCommand.cpp
D:\ФМИ\Quiz_Master\Quiz_Master\headers\helpers\FIleHelper.hpp(37,16): warning C4244: 'initializing': conversion from 'std::streamoff' to 'int', possible loss of data
  (compiling source file 'source/commands/ApproveQuizCommand.cpp')
      D:\ФМИ\Quiz_Master\Quiz_Master\headers\helpers\FIleHelper.hpp(37,16):
      the template instantiation context (the oldest one first) is
          D:\ФМИ\Quiz_Master\Quiz_Master\source\commands\ApproveQuizCommand.cpp(40,2):
          see reference to function template instantiation 'void updateObjectInBinaryFile<Quiz>(const MyString &,const T &,const T &)' being compiled
          with
          [
              T=Quiz
          ]
          D:\ФМИ\Quiz_Master\Quiz_Master\headers\helpers\FIleHelper.hpp(56,17):
          see reference to function template instantiation 'int findPositionInFile<Quiz>(const MyString &,const T &)' being compiled
          with
          [
              T=Quiz
          ]
  
  CreateQuizCommand.cpp
  LikeQuizCommand.cpp
  PendingQuizzesCommand.cpp
  RejectQuizCommand.cpp
  RemoveFromFavouriteCommand.cpp
  RemoveQuizCommand.cpp
D:\ФМИ\Quiz_Master\Quiz_Master\headers\helpers\FIleHelper.hpp(37,16): warning C4244: 'initializing': conversion from 'std::streamoff' to 'int', possible loss of data
  (compiling source file 'source/commands/RemoveQuizCommand.cpp')
      D:\ФМИ\Quiz_Master\Quiz_Master\headers\helpers\FIleHelper.hpp(37,16):
      the template instantiation context (the oldest one first) is
          D:\ФМИ\Quiz_Master\Quiz_Master\source\commands\RemoveQuizCommand.cpp(35,2):
          see reference to function template instantiation 'void updateObjectInBinaryFile<Quiz>(const MyString &,const T &,const T &)' being compiled
          with
          [
              T=Quiz
          ]
          D:\ФМИ\Quiz_Master\Quiz_Master\headers\helpers\FIleHelper.hpp(56,17):
          see reference to function template instantiation 'int findPositionInFile<Quiz>(const MyString &,const T &)' being compiled
          with
          [
              T=Quiz
          ]
  
  ReportQuizCommand.cpp
  SaveQuizCommand.cpp
  StartQuizCommand.cpp
  UnlikeQuizCommand.cpp
  ViewProfileCommand.cpp
  ViewQuizzesCommand.cpp
  ViewUserCommand.cpp
  ViewUserQuizzesCommand.cpp
  QuizService.cpp
D:\ФМИ\Quiz_Master\Quiz_Master\headers\helpers\FileHelper.hpp(37,16): warning C4244: 'initializing': conversion from 'std::streamoff' to 'int', possible loss of data
  (compiling source file 'source/services/QuizService.cpp')
      D:\ФМИ\Quiz_Master\Quiz_Master\headers\helpers\FileHelper.hpp(37,16):
      the template instantiation context (the oldest one first) is
          D:\ФМИ\Quiz_Master\Quiz_Master\source\services\QuizService.cpp(133,3):
          see reference to function template instantiation 'void updateObjectInBinaryFile<UserQuiz>(const MyString &,const T &,const T &)' being compiled
          with
          [
              T=UserQuiz
          ]
          D:\ФМИ\Quiz_Master\Quiz_Master\headers\helpers\FileHelper.hpp(56,17):
          see reference to function template instantiation 'int findPositionInFile<UserQuiz>(const MyString &,const T &)' being compiled
          with
          [
              T=UserQuiz
          ]
  
  Generating Code...
  Quiz_Master.vcxproj -> D:\ФМИ\Quiz_Master\x64\Debug\Quiz_Master.exe
